Traceback (most recent call last):
  File "c:\Dokumen\PSD\web statis\.venv\Lib\site-packages\jupyter_core\utils\__init__.py", line 154, in wrapped
    asyncio.get_running_loop()
RuntimeError: no running event loop

During handling of the above exception, another exception occurred:

Traceback (most recent call last):
  File "c:\Dokumen\PSD\web statis\.venv\Lib\site-packages\jupyter_cache\executors\utils.py", line 58, in single_nb_execution
    executenb(
  File "c:\Dokumen\PSD\web statis\.venv\Lib\site-packages\nbclient\client.py", line 1319, in execute
    return NotebookClient(nb=nb, resources=resources, km=km, **kwargs).execute()
           ^^^^^^^^^^^^^^^^^^^^^^^^^^^^^^^^^^^^^^^^^^^^^^^^^^^^^^^^^^^^^^^^^^^^^
  File "c:\Dokumen\PSD\web statis\.venv\Lib\site-packages\jupyter_core\utils\__init__.py", line 158, in wrapped
    return loop.run_until_complete(inner)
           ^^^^^^^^^^^^^^^^^^^^^^^^^^^^^^
  File "C:\Program Files\WindowsApps\PythonSoftwareFoundation.Python.3.11_3.11.2544.0_x64__qbz5n2kfra8p0\Lib\asyncio\base_events.py", line 654, in run_until_complete
    return future.result()
           ^^^^^^^^^^^^^^^
  File "c:\Dokumen\PSD\web statis\.venv\Lib\site-packages\nbclient\client.py", line 709, in async_execute
    await self.async_execute_cell(
  File "c:\Dokumen\PSD\web statis\.venv\Lib\site-packages\nbclient\client.py", line 1062, in async_execute_cell
    await self._check_raise_for_error(cell, cell_index, exec_reply)
  File "c:\Dokumen\PSD\web statis\.venv\Lib\site-packages\nbclient\client.py", line 918, in _check_raise_for_error
    raise CellExecutionError.from_cell_and_msg(cell, exec_reply_content)
nbclient.exceptions.CellExecutionError: An error occurred while executing the following cell:
------------------
import pandas as pd

import mysql.connector

# Koneksi ke MySQL database
conn = mysql.connector.connect(
  host='localhost',
  user='root',
  password='',
  database='psd'
)

# Ambil nama kolom
cursor = conn.cursor()
cursor.execute("SHOW COLUMNS FROM iris_full_1")
columns = cursor.fetchall()

# Ambil seluruh isi tabel
df_iris = pd.read_sql("SELECT * FROM iris_full_1", conn)
print("\nIsi tabel iris:")
print(df_iris)

# Tutup koneksi
conn.close()
------------------


[31m---------------------------------------------------------------------------[39m
[31mModuleNotFoundError[39m                       Traceback (most recent call last)
[36mCell[39m[36m [39m[32mIn[1][39m[32m, line 3[39m
[32m      1[39m [38;5;28;01mimport[39;00m[38;5;250m [39m[34;01mpandas[39;00m[38;5;250m [39m[38;5;28;01mas[39;00m[38;5;250m [39m[34;01mpd[39;00m
[32m----> [39m[32m3[39m [38;5;28;01mimport[39;00m[38;5;250m [39m[34;01mmysql[39;00m[34;01m.[39;00m[34;01mconnector[39;00m
[32m      5[39m [38;5;66;03m# Koneksi ke MySQL database[39;00m
[32m      6[39m conn = mysql.connector.connect(
[32m      7[39m   host=[33m'[39m[33mlocalhost[39m[33m'[39m,
[32m      8[39m   user=[33m'[39m[33mroot[39m[33m'[39m,
[32m      9[39m   password=[33m'[39m[33m'[39m,
[32m     10[39m   database=[33m'[39m[33mpsd[39m[33m'[39m
[32m     11[39m )

[31mModuleNotFoundError[39m: No module named 'mysql'

